<?xml version="1.0" encoding="UTF-8"?>
<testsuite xmlns:xsi="http://www.w3.org/2001/XMLSchema-instance" xsi:noNamespaceSchemaLocation="https://maven.apache.org/surefire/maven-surefire-plugin/xsd/surefire-test-report.xsd" name="com.healthcare.healthcare.HealthcareApplicationTests" time="4.446" tests="1" errors="0" skipped="0" failures="0">
  <properties>
    <property name="java.specification.version" value="13"/>
    <property name="sun.jnu.encoding" value="UTF-8"/>
    <property name="java.class.path" value="/Users/amrutha.mishra/Desktop/healthcare/target/test-classes:/Users/amrutha.mishra/Desktop/healthcare/target/classes:/Users/amrutha.mishra/.m2/repository/org/springframework/boot/spring-boot-starter-actuator/2.4.0-SNAPSHOT/spring-boot-starter-actuator-2.4.0-SNAPSHOT.jar:/Users/amrutha.mishra/.m2/repository/org/springframework/boot/spring-boot-starter/2.4.0-SNAPSHOT/spring-boot-starter-2.4.0-SNAPSHOT.jar:/Users/amrutha.mishra/.m2/repository/org/springframework/boot/spring-boot/2.4.0-SNAPSHOT/spring-boot-2.4.0-SNAPSHOT.jar:/Users/amrutha.mishra/.m2/repository/org/springframework/boot/spring-boot-autoconfigure/2.4.0-SNAPSHOT/spring-boot-autoconfigure-2.4.0-SNAPSHOT.jar:/Users/amrutha.mishra/.m2/repository/org/springframework/boot/spring-boot-starter-logging/2.4.0-SNAPSHOT/spring-boot-starter-logging-2.4.0-SNAPSHOT.jar:/Users/amrutha.mishra/.m2/repository/ch/qos/logback/logback-classic/1.2.3/logback-classic-1.2.3.jar:/Users/amrutha.mishra/.m2/repository/ch/qos/logback/logback-core/1.2.3/logback-core-1.2.3.jar:/Users/amrutha.mishra/.m2/repository/org/apache/logging/log4j/log4j-to-slf4j/2.13.3/log4j-to-slf4j-2.13.3.jar:/Users/amrutha.mishra/.m2/repository/org/apache/logging/log4j/log4j-api/2.13.3/log4j-api-2.13.3.jar:/Users/amrutha.mishra/.m2/repository/org/slf4j/jul-to-slf4j/1.7.30/jul-to-slf4j-1.7.30.jar:/Users/amrutha.mishra/.m2/repository/jakarta/annotation/jakarta.annotation-api/1.3.5/jakarta.annotation-api-1.3.5.jar:/Users/amrutha.mishra/.m2/repository/org/yaml/snakeyaml/1.26/snakeyaml-1.26.jar:/Users/amrutha.mishra/.m2/repository/org/springframework/boot/spring-boot-actuator-autoconfigure/2.4.0-SNAPSHOT/spring-boot-actuator-autoconfigure-2.4.0-SNAPSHOT.jar:/Users/amrutha.mishra/.m2/repository/org/springframework/boot/spring-boot-actuator/2.4.0-SNAPSHOT/spring-boot-actuator-2.4.0-SNAPSHOT.jar:/Users/amrutha.mishra/.m2/repository/com/fasterxml/jackson/core/jackson-databind/2.11.2/jackson-databind-2.11.2.jar:/Users/amrutha.mishra/.m2/repository/com/fasterxml/jackson/core/jackson-annotations/2.11.2/jackson-annotations-2.11.2.jar:/Users/amrutha.mishra/.m2/repository/com/fasterxml/jackson/core/jackson-core/2.11.2/jackson-core-2.11.2.jar:/Users/amrutha.mishra/.m2/repository/com/fasterxml/jackson/datatype/jackson-datatype-jsr310/2.11.2/jackson-datatype-jsr310-2.11.2.jar:/Users/amrutha.mishra/.m2/repository/io/micrometer/micrometer-core/1.5.4/micrometer-core-1.5.4.jar:/Users/amrutha.mishra/.m2/repository/org/hdrhistogram/HdrHistogram/2.1.12/HdrHistogram-2.1.12.jar:/Users/amrutha.mishra/.m2/repository/org/latencyutils/LatencyUtils/2.0.3/LatencyUtils-2.0.3.jar:/Users/amrutha.mishra/.m2/repository/org/springframework/boot/spring-boot-starter-data-mongodb/2.4.0-SNAPSHOT/spring-boot-starter-data-mongodb-2.4.0-SNAPSHOT.jar:/Users/amrutha.mishra/.m2/repository/org/mongodb/mongodb-driver-sync/4.1.0/mongodb-driver-sync-4.1.0.jar:/Users/amrutha.mishra/.m2/repository/org/mongodb/bson/4.1.0/bson-4.1.0.jar:/Users/amrutha.mishra/.m2/repository/org/mongodb/mongodb-driver-core/4.1.0/mongodb-driver-core-4.1.0.jar:/Users/amrutha.mishra/.m2/repository/org/springframework/data/spring-data-mongodb/3.1.0-M2/spring-data-mongodb-3.1.0-M2.jar:/Users/amrutha.mishra/.m2/repository/org/springframework/spring-tx/5.3.0-M2/spring-tx-5.3.0-M2.jar:/Users/amrutha.mishra/.m2/repository/org/springframework/spring-context/5.3.0-M2/spring-context-5.3.0-M2.jar:/Users/amrutha.mishra/.m2/repository/org/springframework/spring-beans/5.3.0-M2/spring-beans-5.3.0-M2.jar:/Users/amrutha.mishra/.m2/repository/org/springframework/spring-expression/5.3.0-M2/spring-expression-5.3.0-M2.jar:/Users/amrutha.mishra/.m2/repository/org/springframework/data/spring-data-commons/2.4.0-M2/spring-data-commons-2.4.0-M2.jar:/Users/amrutha.mishra/.m2/repository/org/slf4j/slf4j-api/1.7.30/slf4j-api-1.7.30.jar:/Users/amrutha.mishra/.m2/repository/org/springframework/boot/spring-boot-starter-web/2.4.0-SNAPSHOT/spring-boot-starter-web-2.4.0-SNAPSHOT.jar:/Users/amrutha.mishra/.m2/repository/org/springframework/boot/spring-boot-starter-json/2.4.0-SNAPSHOT/spring-boot-starter-json-2.4.0-SNAPSHOT.jar:/Users/amrutha.mishra/.m2/repository/com/fasterxml/jackson/datatype/jackson-datatype-jdk8/2.11.2/jackson-datatype-jdk8-2.11.2.jar:/Users/amrutha.mishra/.m2/repository/com/fasterxml/jackson/module/jackson-module-parameter-names/2.11.2/jackson-module-parameter-names-2.11.2.jar:/Users/amrutha.mishra/.m2/repository/org/springframework/boot/spring-boot-starter-tomcat/2.4.0-SNAPSHOT/spring-boot-starter-tomcat-2.4.0-SNAPSHOT.jar:/Users/amrutha.mishra/.m2/repository/org/apache/tomcat/embed/tomcat-embed-core/9.0.37/tomcat-embed-core-9.0.37.jar:/Users/amrutha.mishra/.m2/repository/org/glassfish/jakarta.el/3.0.3/jakarta.el-3.0.3.jar:/Users/amrutha.mishra/.m2/repository/org/apache/tomcat/embed/tomcat-embed-websocket/9.0.37/tomcat-embed-websocket-9.0.37.jar:/Users/amrutha.mishra/.m2/repository/org/springframework/spring-web/5.3.0-M2/spring-web-5.3.0-M2.jar:/Users/amrutha.mishra/.m2/repository/org/springframework/spring-webmvc/5.3.0-M2/spring-webmvc-5.3.0-M2.jar:/Users/amrutha.mishra/.m2/repository/org/springframework/spring-aop/5.3.0-M2/spring-aop-5.3.0-M2.jar:/Users/amrutha.mishra/.m2/repository/org/projectlombok/lombok/1.18.12/lombok-1.18.12.jar:/Users/amrutha.mishra/.m2/repository/org/springframework/boot/spring-boot-starter-test/2.4.0-SNAPSHOT/spring-boot-starter-test-2.4.0-SNAPSHOT.jar:/Users/amrutha.mishra/.m2/repository/org/springframework/boot/spring-boot-test/2.4.0-SNAPSHOT/spring-boot-test-2.4.0-SNAPSHOT.jar:/Users/amrutha.mishra/.m2/repository/org/springframework/boot/spring-boot-test-autoconfigure/2.4.0-SNAPSHOT/spring-boot-test-autoconfigure-2.4.0-SNAPSHOT.jar:/Users/amrutha.mishra/.m2/repository/com/jayway/jsonpath/json-path/2.4.0/json-path-2.4.0.jar:/Users/amrutha.mishra/.m2/repository/net/minidev/json-smart/2.3/json-smart-2.3.jar:/Users/amrutha.mishra/.m2/repository/net/minidev/accessors-smart/1.2/accessors-smart-1.2.jar:/Users/amrutha.mishra/.m2/repository/org/ow2/asm/asm/5.0.4/asm-5.0.4.jar:/Users/amrutha.mishra/.m2/repository/jakarta/xml/bind/jakarta.xml.bind-api/2.3.3/jakarta.xml.bind-api-2.3.3.jar:/Users/amrutha.mishra/.m2/repository/jakarta/activation/jakarta.activation-api/1.2.2/jakarta.activation-api-1.2.2.jar:/Users/amrutha.mishra/.m2/repository/org/assertj/assertj-core/3.16.1/assertj-core-3.16.1.jar:/Users/amrutha.mishra/.m2/repository/org/hamcrest/hamcrest/2.2/hamcrest-2.2.jar:/Users/amrutha.mishra/.m2/repository/org/junit/jupiter/junit-jupiter/5.6.2/junit-jupiter-5.6.2.jar:/Users/amrutha.mishra/.m2/repository/org/junit/jupiter/junit-jupiter-api/5.6.2/junit-jupiter-api-5.6.2.jar:/Users/amrutha.mishra/.m2/repository/org/apiguardian/apiguardian-api/1.1.0/apiguardian-api-1.1.0.jar:/Users/amrutha.mishra/.m2/repository/org/opentest4j/opentest4j/1.2.0/opentest4j-1.2.0.jar:/Users/amrutha.mishra/.m2/repository/org/junit/platform/junit-platform-commons/1.6.2/junit-platform-commons-1.6.2.jar:/Users/amrutha.mishra/.m2/repository/org/junit/jupiter/junit-jupiter-params/5.6.2/junit-jupiter-params-5.6.2.jar:/Users/amrutha.mishra/.m2/repository/org/junit/jupiter/junit-jupiter-engine/5.6.2/junit-jupiter-engine-5.6.2.jar:/Users/amrutha.mishra/.m2/repository/org/junit/platform/junit-platform-engine/1.6.2/junit-platform-engine-1.6.2.jar:/Users/amrutha.mishra/.m2/repository/org/mockito/mockito-core/3.4.6/mockito-core-3.4.6.jar:/Users/amrutha.mishra/.m2/repository/net/bytebuddy/byte-buddy/1.10.14/byte-buddy-1.10.14.jar:/Users/amrutha.mishra/.m2/repository/net/bytebuddy/byte-buddy-agent/1.10.14/byte-buddy-agent-1.10.14.jar:/Users/amrutha.mishra/.m2/repository/org/objenesis/objenesis/2.6/objenesis-2.6.jar:/Users/amrutha.mishra/.m2/repository/org/mockito/mockito-junit-jupiter/3.4.6/mockito-junit-jupiter-3.4.6.jar:/Users/amrutha.mishra/.m2/repository/org/skyscreamer/jsonassert/1.5.0/jsonassert-1.5.0.jar:/Users/amrutha.mishra/.m2/repository/com/vaadin/external/google/android-json/0.0.20131108.vaadin1/android-json-0.0.20131108.vaadin1.jar:/Users/amrutha.mishra/.m2/repository/org/springframework/spring-core/5.3.0-M2/spring-core-5.3.0-M2.jar:/Users/amrutha.mishra/.m2/repository/org/springframework/spring-jcl/5.3.0-M2/spring-jcl-5.3.0-M2.jar:/Users/amrutha.mishra/.m2/repository/org/springframework/spring-test/5.3.0-M2/spring-test-5.3.0-M2.jar:/Users/amrutha.mishra/.m2/repository/org/xmlunit/xmlunit-core/2.7.0/xmlunit-core-2.7.0.jar:"/>
    <property name="java.vm.vendor" value="Oracle Corporation"/>
    <property name="sun.arch.data.model" value="64"/>
    <property name="java.vendor.url" value="https://openjdk.java.net/"/>
    <property name="os.name" value="Mac OS X"/>
    <property name="java.vm.specification.version" value="13"/>
    <property name="sun.java.launcher" value="SUN_STANDARD"/>
    <property name="user.country" value="US"/>
    <property name="sun.boot.library.path" value="/usr/local/Cellar/openjdk/13.0.2+8_2/libexec/openjdk.jdk/Contents/Home/lib"/>
    <property name="sun.java.command" value="/Users/amrutha.mishra/Desktop/healthcare/target/surefire/surefirebooter10062138474612814288.jar /Users/amrutha.mishra/Desktop/healthcare/target/surefire 2020-08-24T18-57-42_668-jvmRun1 surefire6789968403998258975tmp surefire_02145641172293215973tmp"/>
    <property name="http.nonProxyHosts" value="ford.com|*.ford.com|local|*.local"/>
    <property name="jdk.debug" value="release"/>
    <property name="surefire.test.class.path" value="/Users/amrutha.mishra/Desktop/healthcare/target/test-classes:/Users/amrutha.mishra/Desktop/healthcare/target/classes:/Users/amrutha.mishra/.m2/repository/org/springframework/boot/spring-boot-starter-actuator/2.4.0-SNAPSHOT/spring-boot-starter-actuator-2.4.0-SNAPSHOT.jar:/Users/amrutha.mishra/.m2/repository/org/springframework/boot/spring-boot-starter/2.4.0-SNAPSHOT/spring-boot-starter-2.4.0-SNAPSHOT.jar:/Users/amrutha.mishra/.m2/repository/org/springframework/boot/spring-boot/2.4.0-SNAPSHOT/spring-boot-2.4.0-SNAPSHOT.jar:/Users/amrutha.mishra/.m2/repository/org/springframework/boot/spring-boot-autoconfigure/2.4.0-SNAPSHOT/spring-boot-autoconfigure-2.4.0-SNAPSHOT.jar:/Users/amrutha.mishra/.m2/repository/org/springframework/boot/spring-boot-starter-logging/2.4.0-SNAPSHOT/spring-boot-starter-logging-2.4.0-SNAPSHOT.jar:/Users/amrutha.mishra/.m2/repository/ch/qos/logback/logback-classic/1.2.3/logback-classic-1.2.3.jar:/Users/amrutha.mishra/.m2/repository/ch/qos/logback/logback-core/1.2.3/logback-core-1.2.3.jar:/Users/amrutha.mishra/.m2/repository/org/apache/logging/log4j/log4j-to-slf4j/2.13.3/log4j-to-slf4j-2.13.3.jar:/Users/amrutha.mishra/.m2/repository/org/apache/logging/log4j/log4j-api/2.13.3/log4j-api-2.13.3.jar:/Users/amrutha.mishra/.m2/repository/org/slf4j/jul-to-slf4j/1.7.30/jul-to-slf4j-1.7.30.jar:/Users/amrutha.mishra/.m2/repository/jakarta/annotation/jakarta.annotation-api/1.3.5/jakarta.annotation-api-1.3.5.jar:/Users/amrutha.mishra/.m2/repository/org/yaml/snakeyaml/1.26/snakeyaml-1.26.jar:/Users/amrutha.mishra/.m2/repository/org/springframework/boot/spring-boot-actuator-autoconfigure/2.4.0-SNAPSHOT/spring-boot-actuator-autoconfigure-2.4.0-SNAPSHOT.jar:/Users/amrutha.mishra/.m2/repository/org/springframework/boot/spring-boot-actuator/2.4.0-SNAPSHOT/spring-boot-actuator-2.4.0-SNAPSHOT.jar:/Users/amrutha.mishra/.m2/repository/com/fasterxml/jackson/core/jackson-databind/2.11.2/jackson-databind-2.11.2.jar:/Users/amrutha.mishra/.m2/repository/com/fasterxml/jackson/core/jackson-annotations/2.11.2/jackson-annotations-2.11.2.jar:/Users/amrutha.mishra/.m2/repository/com/fasterxml/jackson/core/jackson-core/2.11.2/jackson-core-2.11.2.jar:/Users/amrutha.mishra/.m2/repository/com/fasterxml/jackson/datatype/jackson-datatype-jsr310/2.11.2/jackson-datatype-jsr310-2.11.2.jar:/Users/amrutha.mishra/.m2/repository/io/micrometer/micrometer-core/1.5.4/micrometer-core-1.5.4.jar:/Users/amrutha.mishra/.m2/repository/org/hdrhistogram/HdrHistogram/2.1.12/HdrHistogram-2.1.12.jar:/Users/amrutha.mishra/.m2/repository/org/latencyutils/LatencyUtils/2.0.3/LatencyUtils-2.0.3.jar:/Users/amrutha.mishra/.m2/repository/org/springframework/boot/spring-boot-starter-data-mongodb/2.4.0-SNAPSHOT/spring-boot-starter-data-mongodb-2.4.0-SNAPSHOT.jar:/Users/amrutha.mishra/.m2/repository/org/mongodb/mongodb-driver-sync/4.1.0/mongodb-driver-sync-4.1.0.jar:/Users/amrutha.mishra/.m2/repository/org/mongodb/bson/4.1.0/bson-4.1.0.jar:/Users/amrutha.mishra/.m2/repository/org/mongodb/mongodb-driver-core/4.1.0/mongodb-driver-core-4.1.0.jar:/Users/amrutha.mishra/.m2/repository/org/springframework/data/spring-data-mongodb/3.1.0-M2/spring-data-mongodb-3.1.0-M2.jar:/Users/amrutha.mishra/.m2/repository/org/springframework/spring-tx/5.3.0-M2/spring-tx-5.3.0-M2.jar:/Users/amrutha.mishra/.m2/repository/org/springframework/spring-context/5.3.0-M2/spring-context-5.3.0-M2.jar:/Users/amrutha.mishra/.m2/repository/org/springframework/spring-beans/5.3.0-M2/spring-beans-5.3.0-M2.jar:/Users/amrutha.mishra/.m2/repository/org/springframework/spring-expression/5.3.0-M2/spring-expression-5.3.0-M2.jar:/Users/amrutha.mishra/.m2/repository/org/springframework/data/spring-data-commons/2.4.0-M2/spring-data-commons-2.4.0-M2.jar:/Users/amrutha.mishra/.m2/repository/org/slf4j/slf4j-api/1.7.30/slf4j-api-1.7.30.jar:/Users/amrutha.mishra/.m2/repository/org/springframework/boot/spring-boot-starter-web/2.4.0-SNAPSHOT/spring-boot-starter-web-2.4.0-SNAPSHOT.jar:/Users/amrutha.mishra/.m2/repository/org/springframework/boot/spring-boot-starter-json/2.4.0-SNAPSHOT/spring-boot-starter-json-2.4.0-SNAPSHOT.jar:/Users/amrutha.mishra/.m2/repository/com/fasterxml/jackson/datatype/jackson-datatype-jdk8/2.11.2/jackson-datatype-jdk8-2.11.2.jar:/Users/amrutha.mishra/.m2/repository/com/fasterxml/jackson/module/jackson-module-parameter-names/2.11.2/jackson-module-parameter-names-2.11.2.jar:/Users/amrutha.mishra/.m2/repository/org/springframework/boot/spring-boot-starter-tomcat/2.4.0-SNAPSHOT/spring-boot-starter-tomcat-2.4.0-SNAPSHOT.jar:/Users/amrutha.mishra/.m2/repository/org/apache/tomcat/embed/tomcat-embed-core/9.0.37/tomcat-embed-core-9.0.37.jar:/Users/amrutha.mishra/.m2/repository/org/glassfish/jakarta.el/3.0.3/jakarta.el-3.0.3.jar:/Users/amrutha.mishra/.m2/repository/org/apache/tomcat/embed/tomcat-embed-websocket/9.0.37/tomcat-embed-websocket-9.0.37.jar:/Users/amrutha.mishra/.m2/repository/org/springframework/spring-web/5.3.0-M2/spring-web-5.3.0-M2.jar:/Users/amrutha.mishra/.m2/repository/org/springframework/spring-webmvc/5.3.0-M2/spring-webmvc-5.3.0-M2.jar:/Users/amrutha.mishra/.m2/repository/org/springframework/spring-aop/5.3.0-M2/spring-aop-5.3.0-M2.jar:/Users/amrutha.mishra/.m2/repository/org/projectlombok/lombok/1.18.12/lombok-1.18.12.jar:/Users/amrutha.mishra/.m2/repository/org/springframework/boot/spring-boot-starter-test/2.4.0-SNAPSHOT/spring-boot-starter-test-2.4.0-SNAPSHOT.jar:/Users/amrutha.mishra/.m2/repository/org/springframework/boot/spring-boot-test/2.4.0-SNAPSHOT/spring-boot-test-2.4.0-SNAPSHOT.jar:/Users/amrutha.mishra/.m2/repository/org/springframework/boot/spring-boot-test-autoconfigure/2.4.0-SNAPSHOT/spring-boot-test-autoconfigure-2.4.0-SNAPSHOT.jar:/Users/amrutha.mishra/.m2/repository/com/jayway/jsonpath/json-path/2.4.0/json-path-2.4.0.jar:/Users/amrutha.mishra/.m2/repository/net/minidev/json-smart/2.3/json-smart-2.3.jar:/Users/amrutha.mishra/.m2/repository/net/minidev/accessors-smart/1.2/accessors-smart-1.2.jar:/Users/amrutha.mishra/.m2/repository/org/ow2/asm/asm/5.0.4/asm-5.0.4.jar:/Users/amrutha.mishra/.m2/repository/jakarta/xml/bind/jakarta.xml.bind-api/2.3.3/jakarta.xml.bind-api-2.3.3.jar:/Users/amrutha.mishra/.m2/repository/jakarta/activation/jakarta.activation-api/1.2.2/jakarta.activation-api-1.2.2.jar:/Users/amrutha.mishra/.m2/repository/org/assertj/assertj-core/3.16.1/assertj-core-3.16.1.jar:/Users/amrutha.mishra/.m2/repository/org/hamcrest/hamcrest/2.2/hamcrest-2.2.jar:/Users/amrutha.mishra/.m2/repository/org/junit/jupiter/junit-jupiter/5.6.2/junit-jupiter-5.6.2.jar:/Users/amrutha.mishra/.m2/repository/org/junit/jupiter/junit-jupiter-api/5.6.2/junit-jupiter-api-5.6.2.jar:/Users/amrutha.mishra/.m2/repository/org/apiguardian/apiguardian-api/1.1.0/apiguardian-api-1.1.0.jar:/Users/amrutha.mishra/.m2/repository/org/opentest4j/opentest4j/1.2.0/opentest4j-1.2.0.jar:/Users/amrutha.mishra/.m2/repository/org/junit/platform/junit-platform-commons/1.6.2/junit-platform-commons-1.6.2.jar:/Users/amrutha.mishra/.m2/repository/org/junit/jupiter/junit-jupiter-params/5.6.2/junit-jupiter-params-5.6.2.jar:/Users/amrutha.mishra/.m2/repository/org/junit/jupiter/junit-jupiter-engine/5.6.2/junit-jupiter-engine-5.6.2.jar:/Users/amrutha.mishra/.m2/repository/org/junit/platform/junit-platform-engine/1.6.2/junit-platform-engine-1.6.2.jar:/Users/amrutha.mishra/.m2/repository/org/mockito/mockito-core/3.4.6/mockito-core-3.4.6.jar:/Users/amrutha.mishra/.m2/repository/net/bytebuddy/byte-buddy/1.10.14/byte-buddy-1.10.14.jar:/Users/amrutha.mishra/.m2/repository/net/bytebuddy/byte-buddy-agent/1.10.14/byte-buddy-agent-1.10.14.jar:/Users/amrutha.mishra/.m2/repository/org/objenesis/objenesis/2.6/objenesis-2.6.jar:/Users/amrutha.mishra/.m2/repository/org/mockito/mockito-junit-jupiter/3.4.6/mockito-junit-jupiter-3.4.6.jar:/Users/amrutha.mishra/.m2/repository/org/skyscreamer/jsonassert/1.5.0/jsonassert-1.5.0.jar:/Users/amrutha.mishra/.m2/repository/com/vaadin/external/google/android-json/0.0.20131108.vaadin1/android-json-0.0.20131108.vaadin1.jar:/Users/amrutha.mishra/.m2/repository/org/springframework/spring-core/5.3.0-M2/spring-core-5.3.0-M2.jar:/Users/amrutha.mishra/.m2/repository/org/springframework/spring-jcl/5.3.0-M2/spring-jcl-5.3.0-M2.jar:/Users/amrutha.mishra/.m2/repository/org/springframework/spring-test/5.3.0-M2/spring-test-5.3.0-M2.jar:/Users/amrutha.mishra/.m2/repository/org/xmlunit/xmlunit-core/2.7.0/xmlunit-core-2.7.0.jar:"/>
    <property name="sun.cpu.endian" value="little"/>
    <property name="user.home" value="/Users/amrutha.mishra"/>
    <property name="user.language" value="en"/>
    <property name="java.specification.vendor" value="Oracle Corporation"/>
    <property name="java.version.date" value="2020-01-14"/>
    <property name="java.home" value="/usr/local/Cellar/openjdk/13.0.2+8_2/libexec/openjdk.jdk/Contents/Home"/>
    <property name="file.separator" value="/"/>
    <property name="basedir" value="/Users/amrutha.mishra/Desktop/healthcare"/>
    <property name="java.vm.compressedOopsMode" value="Zero based"/>
    <property name="line.separator" value="&#10;"/>
    <property name="java.specification.name" value="Java Platform API Specification"/>
    <property name="java.vm.specification.vendor" value="Oracle Corporation"/>
    <property name="surefire.real.class.path" value="/Users/amrutha.mishra/Desktop/healthcare/target/surefire/surefirebooter10062138474612814288.jar"/>
    <property name="sun.management.compiler" value="HotSpot 64-Bit Tiered Compilers"/>
    <property name="ftp.nonProxyHosts" value="ford.com|*.ford.com|local|*.local"/>
    <property name="java.runtime.version" value="13.0.2+8"/>
    <property name="user.name" value="amrutha.mishra"/>
    <property name="path.separator" value=":"/>
    <property name="os.version" value="10.15.5"/>
    <property name="java.runtime.name" value="OpenJDK Runtime Environment"/>
    <property name="file.encoding" value="UTF-8"/>
    <property name="java.vm.name" value="OpenJDK 64-Bit Server VM"/>
    <property name="localRepository" value="/Users/amrutha.mishra/.m2/repository"/>
    <property name="java.vendor.url.bug" value="https://bugreport.java.com/bugreport/"/>
    <property name="java.io.tmpdir" value="/var/folders/jq/mfbwf5s92c7gtpdyfb3h4wkr6yjsgj/T/"/>
    <property name="java.version" value="13.0.2"/>
    <property name="user.dir" value="/Users/amrutha.mishra/Desktop/healthcare"/>
    <property name="os.arch" value="x86_64"/>
    <property name="java.vm.specification.name" value="Java Virtual Machine Specification"/>
    <property name="java.library.path" value="/Users/amrutha.mishra/Library/Java/Extensions:/Library/Java/Extensions:/Network/Library/Java/Extensions:/System/Library/Java/Extensions:/usr/lib/java:."/>
    <property name="java.vm.info" value="mixed mode, sharing"/>
    <property name="java.vendor" value="N/A"/>
    <property name="java.vm.version" value="13.0.2+8"/>
    <property name="sun.io.unicode.encoding" value="UnicodeBig"/>
    <property name="socksNonProxyHosts" value="ford.com|*.ford.com|local|*.local"/>
    <property name="java.class.version" value="57.0"/>
  </properties>
  <testcase name="contextLoads" classname="com.healthcare.healthcare.HealthcareApplicationTests" time="0.512"/>
</testsuite>